[DEBUG 05/06/2013 08:22:37,091] com.myinstitution.myapp.Init.main(Init.java:42) - Welcome to Encryption.
[DEBUG 05/06/2013 08:22:37,095] com.myinstitution.myapp.Init.process(Init.java:49) - Entering process.
[DEBUG 05/06/2013 08:22:37,095] com.myinstitution.myapp.Init.displayOptions(Init.java:56) - Entering displayOptions.
[DEBUG 05/06/2013 08:22:37,096] com.myinstitution.myapp.Init.displayOptions(Init.java:61) - Exiting displayOptions.
[DEBUG 05/06/2013 08:22:37,096] com.myinstitution.myapp.Init.processUserInput(Init.java:66) - Entering processUserInput.
[DEBUG 05/06/2013 08:22:40,824] com.myinstitution.myapp.Init.processUserInput(Init.java:72) - Starting Encryption.
[DEBUG 05/06/2013 08:22:40,825] com.myinstitution.myapp.Init.encrypt(Init.java:99) - Entering encrypt.
[DEBUG 05/06/2013 08:22:40,825] com.myinstitution.myapp.Init.displayEncryptOptions(Init.java:106) - Entering displayEncryptOptions.
[DEBUG 05/06/2013 08:22:40,825] com.myinstitution.myapp.Init.displayEncryptOptions(Init.java:112) - Exiting displayEncryptOptions.
[DEBUG 05/06/2013 08:22:40,826] com.myinstitution.myapp.Init.processUserInputForEncryption(Init.java:116) - Entering processUserInputForEncryption.
[DEBUG 05/06/2013 08:22:42,328] com.myinstitution.myapp.Init.processUserInputForEncryption(Init.java:122) - Starting Encryption of all files.
[DEBUG 05/06/2013 08:22:42,332] com.myinstitution.myapp.Init.processUserInputForEncryption(Init.java:128) - Starting Encryption of file: 'C:\Storehouse\tmp\second\com\myinstitution\myapp\input\plainfiles\Excel.xlsx'
[DEBUG 05/06/2013 08:22:42,333] com.myinstitution.myapp.Init.encrypt(Init.java:167) - Entering encrypt.
[DEBUG 05/06/2013 08:22:42,345] com.myinstitution.myapp.Encrypt.encrypt(Encrypt.java:15) - Entering encrypt.
[INFO  05/06/2013 08:22:42,415] com.myinstitution.myapp.Encrypt.encrypt(Encrypt.java:21) - Successfully Completed Encryption.
[DEBUG 05/06/2013 08:22:42,415] com.myinstitution.myapp.Encrypt.encrypt(Encrypt.java:22) - Exiting encrypt.
[DEBUG 05/06/2013 08:22:42,418] com.myinstitution.myapp.Init.encrypt(Init.java:174) - Exiting encrypt.
[DEBUG 05/06/2013 08:22:42,419] com.myinstitution.myapp.Init.processUserInputForEncryption(Init.java:128) - Starting Encryption of file: 'C:\Storehouse\tmp\second\com\myinstitution\myapp\input\plainfiles\Image.bmp'
[DEBUG 05/06/2013 08:22:42,419] com.myinstitution.myapp.Init.encrypt(Init.java:167) - Entering encrypt.
[DEBUG 05/06/2013 08:22:42,420] com.myinstitution.myapp.Encrypt.encrypt(Encrypt.java:15) - Entering encrypt.
[INFO  05/06/2013 08:22:46,855] com.myinstitution.myapp.Encrypt.encrypt(Encrypt.java:21) - Successfully Completed Encryption.
[DEBUG 05/06/2013 08:22:46,855] com.myinstitution.myapp.Encrypt.encrypt(Encrypt.java:22) - Exiting encrypt.
[DEBUG 05/06/2013 08:22:46,860] com.myinstitution.myapp.Init.encrypt(Init.java:174) - Exiting encrypt.
[DEBUG 05/06/2013 08:22:46,860] com.myinstitution.myapp.Init.processUserInputForEncryption(Init.java:128) - Starting Encryption of file: 'C:\Storehouse\tmp\second\com\myinstitution\myapp\input\plainfiles\passwords.data'
[DEBUG 05/06/2013 08:22:46,860] com.myinstitution.myapp.Init.encrypt(Init.java:167) - Entering encrypt.
[DEBUG 05/06/2013 08:22:46,861] com.myinstitution.myapp.Encrypt.encrypt(Encrypt.java:15) - Entering encrypt.
[INFO  05/06/2013 08:22:46,863] com.myinstitution.myapp.Encrypt.encrypt(Encrypt.java:21) - Successfully Completed Encryption.
[DEBUG 05/06/2013 08:22:46,863] com.myinstitution.myapp.Encrypt.encrypt(Encrypt.java:22) - Exiting encrypt.
[DEBUG 05/06/2013 08:22:46,869] com.myinstitution.myapp.Init.encrypt(Init.java:174) - Exiting encrypt.
[DEBUG 05/06/2013 08:22:46,869] com.myinstitution.myapp.Init.processUserInputForEncryption(Init.java:128) - Starting Encryption of file: 'C:\Storehouse\tmp\second\com\myinstitution\myapp\input\plainfiles\PDF.pdf'
[DEBUG 05/06/2013 08:22:46,870] com.myinstitution.myapp.Init.encrypt(Init.java:167) - Entering encrypt.
[DEBUG 05/06/2013 08:22:46,871] com.myinstitution.myapp.Encrypt.encrypt(Encrypt.java:15) - Entering encrypt.
[INFO  05/06/2013 08:22:48,744] com.myinstitution.myapp.Encrypt.encrypt(Encrypt.java:21) - Successfully Completed Encryption.
[DEBUG 05/06/2013 08:22:48,744] com.myinstitution.myapp.Encrypt.encrypt(Encrypt.java:22) - Exiting encrypt.
[DEBUG 05/06/2013 08:22:48,753] com.myinstitution.myapp.Init.encrypt(Init.java:174) - Exiting encrypt.
[DEBUG 05/06/2013 08:22:48,754] com.myinstitution.myapp.Init.processUserInputForEncryption(Init.java:128) - Starting Encryption of file: 'C:\Storehouse\tmp\second\com\myinstitution\myapp\input\plainfiles\Text.txt'
[DEBUG 05/06/2013 08:22:48,754] com.myinstitution.myapp.Init.encrypt(Init.java:167) - Entering encrypt.
[DEBUG 05/06/2013 08:22:48,755] com.myinstitution.myapp.Encrypt.encrypt(Encrypt.java:15) - Entering encrypt.
[INFO  05/06/2013 08:22:48,755] com.myinstitution.myapp.Encrypt.encrypt(Encrypt.java:21) - Successfully Completed Encryption.
[DEBUG 05/06/2013 08:22:48,756] com.myinstitution.myapp.Encrypt.encrypt(Encrypt.java:22) - Exiting encrypt.
[DEBUG 05/06/2013 08:22:48,756] com.myinstitution.myapp.Init.encrypt(Init.java:174) - Exiting encrypt.
[DEBUG 05/06/2013 08:22:48,756] com.myinstitution.myapp.Init.processUserInputForEncryption(Init.java:128) - Starting Encryption of file: 'C:\Storehouse\tmp\second\com\myinstitution\myapp\input\plainfiles\Word.docx'
[DEBUG 05/06/2013 08:22:48,756] com.myinstitution.myapp.Init.encrypt(Init.java:167) - Entering encrypt.
[DEBUG 05/06/2013 08:22:48,757] com.myinstitution.myapp.Encrypt.encrypt(Encrypt.java:15) - Entering encrypt.
[INFO  05/06/2013 08:22:48,840] com.myinstitution.myapp.Encrypt.encrypt(Encrypt.java:21) - Successfully Completed Encryption.
[DEBUG 05/06/2013 08:22:48,840] com.myinstitution.myapp.Encrypt.encrypt(Encrypt.java:22) - Exiting encrypt.
[DEBUG 05/06/2013 08:22:48,847] com.myinstitution.myapp.Init.encrypt(Init.java:174) - Exiting encrypt.
[DEBUG 05/06/2013 08:22:48,848] com.myinstitution.myapp.Init.displayEncryptOptions(Init.java:106) - Entering displayEncryptOptions.
[DEBUG 05/06/2013 08:22:48,848] com.myinstitution.myapp.Init.displayEncryptOptions(Init.java:112) - Exiting displayEncryptOptions.
[DEBUG 05/06/2013 08:22:56,888] com.myinstitution.myapp.Init.processUserInputForEncryption(Init.java:151) - Exiting.
[DEBUG 05/06/2013 08:22:56,890] com.myinstitution.myapp.Init.processUserInputForEncryption(Init.java:162) - Exiting processUserInputForEncryption.
[DEBUG 05/06/2013 08:22:56,891] com.myinstitution.myapp.Init.encrypt(Init.java:102) - Exiting encrypt.
[DEBUG 05/06/2013 08:22:56,891] com.myinstitution.myapp.Init.displayOptions(Init.java:56) - Entering displayOptions.
[DEBUG 05/06/2013 08:22:56,892] com.myinstitution.myapp.Init.displayOptions(Init.java:61) - Exiting displayOptions.
[DEBUG 05/06/2013 08:23:04,791] com.myinstitution.myapp.Init.processUserInput(Init.java:78) - Starting Decryption.
[DEBUG 05/06/2013 08:23:04,791] com.myinstitution.myapp.Init.decrypt(Init.java:178) - Entering decrypt.
[DEBUG 05/06/2013 08:23:04,791] com.myinstitution.myapp.Init.displayDecryptOptions(Init.java:185) - Entering displayDecryptOptions.
[DEBUG 05/06/2013 08:23:04,792] com.myinstitution.myapp.Init.displayDecryptOptions(Init.java:191) - Exiting displayDecryptOptions.
[DEBUG 05/06/2013 08:23:04,792] com.myinstitution.myapp.Init.processUserInputForDecryption(Init.java:195) - Entering processUserInputForDecryption.
[DEBUG 05/06/2013 08:23:06,663] com.myinstitution.myapp.Init.processUserInputForDecryption(Init.java:201) - Starting Decryption of all files.
[DEBUG 05/06/2013 08:23:06,665] com.myinstitution.myapp.Init.processUserInputForDecryption(Init.java:207) - Starting Decryption of file: 'C:\Storehouse\tmp\second\com\myinstitution\myapp\input\encryptedfiles\Excel.xlsx'
[DEBUG 05/06/2013 08:23:06,666] com.myinstitution.myapp.Init.decrypt(Init.java:246) - Entering decrypt.
[DEBUG 05/06/2013 08:23:06,675] com.myinstitution.myapp.Decrypt.decrypt(Decrypt.java:14) - Entering decrypt.
[INFO  05/06/2013 08:23:06,758] com.myinstitution.myapp.Decrypt.decrypt(Decrypt.java:20) - Successfully Completed Decryption.
[DEBUG 05/06/2013 08:23:06,758] com.myinstitution.myapp.Decrypt.decrypt(Decrypt.java:21) - Exiting decrypt.
[DEBUG 05/06/2013 08:23:06,761] com.myinstitution.myapp.Init.decrypt(Init.java:253) - Exiting decrypt.
[DEBUG 05/06/2013 08:23:06,762] com.myinstitution.myapp.Init.processUserInputForDecryption(Init.java:207) - Starting Decryption of file: 'C:\Storehouse\tmp\second\com\myinstitution\myapp\input\encryptedfiles\Image.bmp'
[DEBUG 05/06/2013 08:23:06,762] com.myinstitution.myapp.Init.decrypt(Init.java:246) - Entering decrypt.
[DEBUG 05/06/2013 08:23:06,763] com.myinstitution.myapp.Decrypt.decrypt(Decrypt.java:14) - Entering decrypt.
[INFO  05/06/2013 08:23:11,224] com.myinstitution.myapp.Decrypt.decrypt(Decrypt.java:20) - Successfully Completed Decryption.
[DEBUG 05/06/2013 08:23:11,224] com.myinstitution.myapp.Decrypt.decrypt(Decrypt.java:21) - Exiting decrypt.
[DEBUG 05/06/2013 08:23:11,227] com.myinstitution.myapp.Init.decrypt(Init.java:253) - Exiting decrypt.
[DEBUG 05/06/2013 08:23:11,227] com.myinstitution.myapp.Init.processUserInputForDecryption(Init.java:207) - Starting Decryption of file: 'C:\Storehouse\tmp\second\com\myinstitution\myapp\input\encryptedfiles\passwords.data'
[DEBUG 05/06/2013 08:23:11,228] com.myinstitution.myapp.Init.decrypt(Init.java:246) - Entering decrypt.
[DEBUG 05/06/2013 08:23:11,229] com.myinstitution.myapp.Decrypt.decrypt(Decrypt.java:14) - Entering decrypt.
[INFO  05/06/2013 08:23:11,230] com.myinstitution.myapp.Decrypt.decrypt(Decrypt.java:20) - Successfully Completed Decryption.
[DEBUG 05/06/2013 08:23:11,231] com.myinstitution.myapp.Decrypt.decrypt(Decrypt.java:21) - Exiting decrypt.
[DEBUG 05/06/2013 08:23:11,236] com.myinstitution.myapp.Init.decrypt(Init.java:253) - Exiting decrypt.
[DEBUG 05/06/2013 08:23:11,236] com.myinstitution.myapp.Init.processUserInputForDecryption(Init.java:207) - Starting Decryption of file: 'C:\Storehouse\tmp\second\com\myinstitution\myapp\input\encryptedfiles\PDF.pdf'
[DEBUG 05/06/2013 08:23:11,236] com.myinstitution.myapp.Init.decrypt(Init.java:246) - Entering decrypt.
[DEBUG 05/06/2013 08:23:11,238] com.myinstitution.myapp.Decrypt.decrypt(Decrypt.java:14) - Entering decrypt.
[INFO  05/06/2013 08:23:13,244] com.myinstitution.myapp.Decrypt.decrypt(Decrypt.java:20) - Successfully Completed Decryption.
[DEBUG 05/06/2013 08:23:13,244] com.myinstitution.myapp.Decrypt.decrypt(Decrypt.java:21) - Exiting decrypt.
[DEBUG 05/06/2013 08:23:13,261] com.myinstitution.myapp.Init.decrypt(Init.java:253) - Exiting decrypt.
[DEBUG 05/06/2013 08:23:13,262] com.myinstitution.myapp.Init.processUserInputForDecryption(Init.java:207) - Starting Decryption of file: 'C:\Storehouse\tmp\second\com\myinstitution\myapp\input\encryptedfiles\Text.txt'
[DEBUG 05/06/2013 08:23:13,262] com.myinstitution.myapp.Init.decrypt(Init.java:246) - Entering decrypt.
[DEBUG 05/06/2013 08:23:13,264] com.myinstitution.myapp.Decrypt.decrypt(Decrypt.java:14) - Entering decrypt.
[INFO  05/06/2013 08:23:13,265] com.myinstitution.myapp.Decrypt.decrypt(Decrypt.java:20) - Successfully Completed Decryption.
[DEBUG 05/06/2013 08:23:13,265] com.myinstitution.myapp.Decrypt.decrypt(Decrypt.java:21) - Exiting decrypt.
[DEBUG 05/06/2013 08:23:13,265] com.myinstitution.myapp.Init.decrypt(Init.java:253) - Exiting decrypt.
[DEBUG 05/06/2013 08:23:13,265] com.myinstitution.myapp.Init.processUserInputForDecryption(Init.java:207) - Starting Decryption of file: 'C:\Storehouse\tmp\second\com\myinstitution\myapp\input\encryptedfiles\Word.docx'
[DEBUG 05/06/2013 08:23:13,266] com.myinstitution.myapp.Init.decrypt(Init.java:246) - Entering decrypt.
[DEBUG 05/06/2013 08:23:13,266] com.myinstitution.myapp.Decrypt.decrypt(Decrypt.java:14) - Entering decrypt.
[INFO  05/06/2013 08:23:13,346] com.myinstitution.myapp.Decrypt.decrypt(Decrypt.java:20) - Successfully Completed Decryption.
[DEBUG 05/06/2013 08:23:13,346] com.myinstitution.myapp.Decrypt.decrypt(Decrypt.java:21) - Exiting decrypt.
[DEBUG 05/06/2013 08:23:13,355] com.myinstitution.myapp.Init.decrypt(Init.java:253) - Exiting decrypt.
[DEBUG 05/06/2013 08:23:13,360] com.myinstitution.myapp.Init.displayDecryptOptions(Init.java:185) - Entering displayDecryptOptions.
[DEBUG 05/06/2013 08:23:13,362] com.myinstitution.myapp.Init.displayDecryptOptions(Init.java:191) - Exiting displayDecryptOptions.
[DEBUG 05/06/2013 08:23:18,022] com.myinstitution.myapp.Init.processUserInputForDecryption(Init.java:230) - Exiting.
[DEBUG 05/06/2013 08:23:18,023] com.myinstitution.myapp.Init.processUserInputForDecryption(Init.java:241) - Exiting processUserInputForDecryption.
[DEBUG 05/06/2013 08:23:18,023] com.myinstitution.myapp.Init.decrypt(Init.java:181) - Exiting decrypt.
[DEBUG 05/06/2013 08:23:18,023] com.myinstitution.myapp.Init.displayOptions(Init.java:56) - Entering displayOptions.
[DEBUG 05/06/2013 08:23:18,024] com.myinstitution.myapp.Init.displayOptions(Init.java:61) - Exiting displayOptions.
[DEBUG 05/06/2013 08:23:23,622] com.myinstitution.myapp.Init.processUserInput(Init.java:84) - Exiting.
